<?xml version="1.0" encoding="UTF-8"?>
<!-- Generated by org.testng.reporters.JUnitXMLReporter -->
<testsuite ignored="0" hostname="sunil" failures="1" tests="2" name="Test" time="37.67" errors="0" timestamp="2023-11-02T15:13:35 IST">
  <testcase classname="register.DWS_Register_02_Test" name="userRegisteration" time="3.882"/>
  <testcase classname="login.DWS_Login_01_Test" name="Login_to_application_with_valid_credentials" time="0.0">
    <failure type="org.testng.TestNGException" message="
Cannot inject @Test annotated Method [Login_to_application_with_valid_credentials] with [class java.lang.String, class java.lang.String].
For more information on native dependency injection please refer to https://testng.org/doc/documentation-main.html#native-dependency-injection">
      <![CDATA[org.testng.TestNGException: 
Cannot inject @Test annotated Method [Login_to_application_with_valid_credentials] with [class java.lang.String, class java.lang.String].
For more information on native dependency injection please refer to https://testng.org/doc/documentation-main.html#native-dependency-injection
at java.base/java.util.ArrayList.forEach(ArrayList.java:1511)
... Removed 26 stack frames]]>
    </failure>
  </testcase> <!-- Login_to_application_with_valid_credentials -->
</testsuite> <!-- Test -->
